[[1;34mINFO[m] Scanning for projects...
[[1;34mINFO[m] 
[[1;34mINFO[m] [1m------------------< [0;36mcom.example:keycloak-integration[0;1m >------------------[m
[[1;34mINFO[m] [1mBuilding Keycloak Integration 1.0.0[m
[[1;34mINFO[m] [1m--------------------------------[ jar ]---------------------------------[m
[[1;34mINFO[m] 
[[1;34mINFO[m] [1m>>> [0;32mspring-boot-maven-plugin:2.7.18:run[m [1m(default-cli)[0;1m > [0;1mtest-compile[m @ [36mkeycloak-integration[0;1m >>>[m
[[1;34mINFO[m] 
[[1;34mINFO[m] [1m--- [0;32mmaven-resources-plugin:3.2.0:resources[m [1m(default-resources)[m @ [36mkeycloak-integration[0;1m ---[m
[[1;34mINFO[m] Using 'UTF-8' encoding to copy filtered resources.
[[1;34mINFO[m] Using 'UTF-8' encoding to copy filtered properties files.
[[1;34mINFO[m] Copying 1 resource
[[1;34mINFO[m] Copying 2 resources
[[1;34mINFO[m] 
[[1;34mINFO[m] [1m--- [0;32mmaven-compiler-plugin:3.10.1:compile[m [1m(default-compile)[m @ [36mkeycloak-integration[0;1m ---[m
[[1;34mINFO[m] Nothing to compile - all classes are up to date
[[1;34mINFO[m] 
[[1;34mINFO[m] [1m--- [0;32mmaven-resources-plugin:3.2.0:testResources[m [1m(default-testResources)[m @ [36mkeycloak-integration[0;1m ---[m
[[1;34mINFO[m] Using 'UTF-8' encoding to copy filtered resources.
[[1;34mINFO[m] Using 'UTF-8' encoding to copy filtered properties files.
[[1;34mINFO[m] skip non existing resourceDirectory /home/nguyen-phi/Downloads/angular project/spring-boot-keycloak/src/test/resources
[[1;34mINFO[m] 
[[1;34mINFO[m] [1m--- [0;32mmaven-compiler-plugin:3.10.1:testCompile[m [1m(default-testCompile)[m @ [36mkeycloak-integration[0;1m ---[m
[[1;34mINFO[m] No sources to compile
[[1;34mINFO[m] 
[[1;34mINFO[m] [1m<<< [0;32mspring-boot-maven-plugin:2.7.18:run[m [1m(default-cli)[0;1m < [0;1mtest-compile[m @ [36mkeycloak-integration[0;1m <<<[m
[[1;34mINFO[m] 
[[1;34mINFO[m] 
[[1;34mINFO[m] [1m--- [0;32mspring-boot-maven-plugin:2.7.18:run[m [1m(default-cli)[m @ [36mkeycloak-integration[0;1m ---[m
[[1;34mINFO[m] Attaching agents: []

  .   ____          _            __ _ _
 /\\ / ___'_ __ _ _(_)_ __  __ _ \ \ \ \
( ( )\___ | '_ | '_| | '_ \/ _` | \ \ \ \
 \\/  ___)| |_)| | | | | || (_| |  ) ) ) )
  '  |____| .__|_| |_|_| |_\__, | / / / /
 =========|_|==============|___/=/_/_/_/
 :: Spring Boot ::               (v2.7.18)

2025-12-11 15:47:46.939  INFO 97450 --- [           main] c.e.k.KeycloakIntegrationApplication     : Starting KeycloakIntegrationApplication using Java 17.0.17 on nguyen-phi-Inspiron-3542 with PID 97450 (/home/nguyen-phi/Downloads/angular project/spring-boot-keycloak/target/classes started by nguyen-phi in /home/nguyen-phi/Downloads/angular project/spring-boot-keycloak)
2025-12-11 15:47:46.944  INFO 97450 --- [           main] c.e.k.KeycloakIntegrationApplication     : No active profile set, falling back to 1 default profile: "default"
2025-12-11 15:47:50.487  INFO 97450 --- [           main] .s.d.r.c.RepositoryConfigurationDelegate : Bootstrapping Spring Data JPA repositories in DEFAULT mode.
2025-12-11 15:47:50.565  INFO 97450 --- [           main] .s.d.r.c.RepositoryConfigurationDelegate : Finished Spring Data repository scanning in 46 ms. Found 0 JPA repository interfaces.
2025-12-11 15:47:53.468  INFO 97450 --- [           main] o.s.b.w.embedded.tomcat.TomcatWebServer  : Tomcat initialized with port(s): 8082 (http)
2025-12-11 15:47:53.501  INFO 97450 --- [           main] o.apache.catalina.core.StandardService   : Starting service [Tomcat]
2025-12-11 15:47:53.502  INFO 97450 --- [           main] org.apache.catalina.core.StandardEngine  : Starting Servlet engine: [Apache Tomcat/9.0.83]
2025-12-11 15:47:53.903  INFO 97450 --- [           main] o.a.c.c.C.[Tomcat].[localhost].[/]       : Initializing Spring embedded WebApplicationContext
2025-12-11 15:47:53.905  INFO 97450 --- [           main] w.s.c.ServletWebServerApplicationContext : Root WebApplicationContext: initialization completed in 6820 ms
2025-12-11 15:47:54.048  INFO 97450 --- [           main] com.zaxxer.hikari.HikariDataSource       : HikariPool-1 - Starting...
2025-12-11 15:47:55.083  INFO 97450 --- [           main] com.zaxxer.hikari.HikariDataSource       : HikariPool-1 - Start completed.
2025-12-11 15:47:55.138  INFO 97450 --- [           main] o.s.b.a.h2.H2ConsoleAutoConfiguration    : H2 console available at '/h2-console'. Database available at 'jdbc:h2:mem:testdb'
2025-12-11 15:47:55.603  WARN 97450 --- [           main] JpaBaseConfiguration$JpaWebConfiguration : spring.jpa.open-in-view is enabled by default. Therefore, database queries may be performed during view rendering. Explicitly configure spring.jpa.open-in-view to disable this warning
2025-12-11 15:47:56.104  INFO 97450 --- [           main] o.hibernate.jpa.internal.util.LogHelper  : HHH000204: Processing PersistenceUnitInfo [name: default]
2025-12-11 15:47:56.299  INFO 97450 --- [           main] org.hibernate.Version                    : HHH000412: Hibernate ORM core version 5.6.15.Final
2025-12-11 15:47:56.840  INFO 97450 --- [           main] o.hibernate.annotations.common.Version   : HCANN000001: Hibernate Commons Annotations {5.1.2.Final}
2025-12-11 15:47:57.289  INFO 97450 --- [           main] org.hibernate.dialect.Dialect            : HHH000400: Using dialect: org.hibernate.dialect.H2Dialect
2025-12-11 15:47:58.047  INFO 97450 --- [           main] o.h.e.t.j.p.i.JtaPlatformInitiator       : HHH000490: Using JtaPlatform implementation: [org.hibernate.engine.transaction.jta.platform.internal.NoJtaPlatform]
2025-12-11 15:47:58.082  INFO 97450 --- [           main] j.LocalContainerEntityManagerFactoryBean : Initialized JPA EntityManagerFactory for persistence unit 'default'
2025-12-11 15:47:58.604 DEBUG 97450 --- [           main] s.f.KeycloakSecurityContextRequestFilter : Filter 'keycloakSecurityContextRequestFilter' configured for use
2025-12-11 15:47:58.605 DEBUG 97450 --- [           main] f.KeycloakAuthenticationProcessingFilter : Filter 'keycloakAuthenticationProcessingFilter' configured for use
2025-12-11 15:47:58.607 DEBUG 97450 --- [           main] o.k.a.s.f.KeycloakPreAuthActionsFilter   : Filter 'keycloakPreAuthActionsFilter' configured for use
2025-12-11 15:47:58.608 DEBUG 97450 --- [           main] a.s.f.KeycloakAuthenticatedActionsFilter : Filter 'keycloakAuthenticatedActionsRequestFilter' configured for use
2025-12-11 15:47:58.611 DEBUG 97450 --- [           main] k.a.t.AbstractKeycloakAuthenticatorValve : Using org.keycloak.adapters.springboot.KeycloakSpringBootConfigResolverWrapper to resolve Keycloak configuration on a per-request basis.
2025-12-11 15:47:58.659 DEBUG 97450 --- [           main] .PrePostAnnotationSecurityMetadataSource : @org.springframework.security.access.prepost.PreAuthorize("hasRole(\'admin\')") found on specific method: public org.springframework.http.ResponseEntity com.example.keycloak.controller.UserController.getAllUsers()
2025-12-11 15:47:58.806 DEBUG 97450 --- [           main] m.DelegatingMethodSecurityMetadataSource : Caching method [CacheKey[com.example.keycloak.controller.UserController; public org.springframework.http.ResponseEntity com.example.keycloak.controller.UserController.getAllUsers()]] with attributes [[authorize: 'hasRole('admin')', filter: 'null', filterTarget: 'null']]
2025-12-11 15:47:59.210 DEBUG 97450 --- [           main] edFilterInvocationSecurityMetadataSource : Adding web access control expression [permitAll] for Or [Ant [pattern='/sso/logout', GET], Ant [pattern='/sso/logout', POST], Ant [pattern='/sso/logout', PUT], Ant [pattern='/sso/logout', DELETE]]
2025-12-11 15:47:59.215 DEBUG 97450 --- [           main] edFilterInvocationSecurityMetadataSource : Adding web access control expression [permitAll] for ExactUrl [processUrl='/']
2025-12-11 15:47:59.215 DEBUG 97450 --- [           main] edFilterInvocationSecurityMetadataSource : Adding web access control expression [permitAll] for Ant [pattern='/api/auth/public/**']
2025-12-11 15:47:59.215 DEBUG 97450 --- [           main] edFilterInvocationSecurityMetadataSource : Adding web access control expression [hasRole('ROLE_admin')] for Ant [pattern='/api/admin/**']
2025-12-11 15:47:59.216 DEBUG 97450 --- [           main] edFilterInvocationSecurityMetadataSource : Adding web access control expression [authenticated] for any request
2025-12-11 15:47:59.231  INFO 97450 --- [           main] o.s.s.web.DefaultSecurityFilterChain     : Will secure any request with [org.springframework.security.web.session.DisableEncodeUrlFilter@5310e451, org.springframework.security.web.context.request.async.WebAsyncManagerIntegrationFilter@52d63b7e, org.springframework.security.web.context.SecurityContextPersistenceFilter@2e3900dc, org.springframework.security.web.header.HeaderWriterFilter@78b9155e, org.keycloak.adapters.springsecurity.filter.KeycloakPreAuthActionsFilter@410382cb, org.keycloak.adapters.springsecurity.filter.KeycloakAuthenticationProcessingFilter@5a82bc58, org.springframework.security.web.authentication.logout.LogoutFilter@64665781, org.springframework.security.web.savedrequest.RequestCacheAwareFilter@2a16d4dc, org.springframework.security.web.servletapi.SecurityContextHolderAwareRequestFilter@241d1052, org.keycloak.adapters.springsecurity.filter.KeycloakSecurityContextRequestFilter@29f3185c, org.keycloak.adapters.springsecurity.filter.KeycloakAuthenticatedActionsFilter@74bbc273, org.springframework.security.web.authentication.AnonymousAuthenticationFilter@74830d73, org.springframework.security.web.session.SessionManagementFilter@6de33fde, org.springframework.security.web.access.ExceptionTranslationFilter@53525379, org.springframework.security.web.access.intercept.FilterSecurityInterceptor@62ab5e63]
2025-12-11 15:48:01.025  WARN 97450 --- [           main] ConfigServletWebServerApplicationContext : Exception encountered during context initialization - cancelling refresh attempt: org.springframework.context.ApplicationContextException: Failed to start bean 'webServerStartStop'; nested exception is org.springframework.boot.web.server.PortInUseException: Port 8082 is already in use
2025-12-11 15:48:01.034 DEBUG 97450 --- [           main] o.k.a.s.f.KeycloakPreAuthActionsFilter   : Unregistering deployment
2025-12-11 15:48:01.035  INFO 97450 --- [           main] j.LocalContainerEntityManagerFactoryBean : Closing JPA EntityManagerFactory for persistence unit 'default'
2025-12-11 15:48:01.036  INFO 97450 --- [           main] .SchemaDropperImpl$DelayedDropActionImpl : HHH000477: Starting delayed evictData of schema as part of SessionFactory shut-down'
2025-12-11 15:48:01.046  INFO 97450 --- [           main] com.zaxxer.hikari.HikariDataSource       : HikariPool-1 - Shutdown initiated...
2025-12-11 15:48:01.064  INFO 97450 --- [           main] com.zaxxer.hikari.HikariDataSource       : HikariPool-1 - Shutdown completed.
2025-12-11 15:48:01.073  INFO 97450 --- [           main] o.apache.catalina.core.StandardService   : Stopping service [Tomcat]
2025-12-11 15:48:01.100 DEBUG 97450 --- [           main] o.k.a.s.f.KeycloakPreAuthActionsFilter   : Unregistering deployment
2025-12-11 15:48:01.187  INFO 97450 --- [           main] ConditionEvaluationReportLoggingListener : 

Error starting ApplicationContext. To display the conditions report re-run your application with 'debug' enabled.
2025-12-11 15:48:01.289 ERROR 97450 --- [           main] o.s.b.d.LoggingFailureAnalysisReporter   : 

***************************
APPLICATION FAILED TO START
***************************

Description:

Web server failed to start. Port 8082 was already in use.

Action:

Identify and stop the process that's listening on port 8082 or configure this application to listen on another port.

[[1;34mINFO[m] [1m------------------------------------------------------------------------[m
[[1;34mINFO[m] [1;31mBUILD FAILURE[m
[[1;34mINFO[m] [1m------------------------------------------------------------------------[m
[[1;34mINFO[m] Total time:  33.080 s
[[1;34mINFO[m] Finished at: 2025-12-11T15:48:01+07:00
[[1;34mINFO[m] [1m------------------------------------------------------------------------[m
[[1;31mERROR[m] Failed to execute goal [32morg.springframework.boot:spring-boot-maven-plugin:2.7.18:run[m [1m(default-cli)[m on project [36mkeycloak-integration[m: [1;31mApplication finished with exit code: 1[m -> [1m[Help 1][m
[[1;31mERROR[m] 
[[1;31mERROR[m] To see the full stack trace of the errors, re-run Maven with the [1m-e[m switch.
[[1;31mERROR[m] Re-run Maven using the [1m-X[m switch to enable full debug logging.
[[1;31mERROR[m] 
[[1;31mERROR[m] For more information about the errors and possible solutions, please read the following articles:
[[1;31mERROR[m] [1m[Help 1][m http://cwiki.apache.org/confluence/display/MAVEN/MojoExecutionException
