
  .   ____          _            __ _ _
 /\\ / ___'_ __ _ _(_)_ __  __ _ \ \ \ \
( ( )\___ | '_ | '_| | '_ \/ _` | \ \ \ \
 \\/  ___)| |_)| | | | | || (_| |  ) ) ) )
  '  |____| .__|_| |_|_| |_\__, | / / / /
 =========|_|==============|___/=/_/_/_/
 :: Spring Boot ::               (v2.7.18)

2025-12-11 15:25:43.548  INFO 75294 --- [           main] c.e.k.KeycloakIntegrationApplication     : Starting KeycloakIntegrationApplication v1.0.0 using Java 17.0.17 on nguyen-phi-Inspiron-3542 with PID 75294 (/home/nguyen-phi/Downloads/angular project/spring-boot-keycloak/target/keycloak-integration-1.0.0.jar started by nguyen-phi in /home/nguyen-phi/Downloads/angular project/spring-boot-keycloak)
2025-12-11 15:25:43.563  INFO 75294 --- [           main] c.e.k.KeycloakIntegrationApplication     : No active profile set, falling back to 1 default profile: "default"
2025-12-11 15:25:46.928  INFO 75294 --- [           main] .s.d.r.c.RepositoryConfigurationDelegate : Bootstrapping Spring Data JPA repositories in DEFAULT mode.
2025-12-11 15:25:47.041  INFO 75294 --- [           main] .s.d.r.c.RepositoryConfigurationDelegate : Finished Spring Data repository scanning in 58 ms. Found 0 JPA repository interfaces.
2025-12-11 15:25:50.345  INFO 75294 --- [           main] o.s.b.w.embedded.tomcat.TomcatWebServer  : Tomcat initialized with port(s): 8082 (http)
2025-12-11 15:25:50.459  INFO 75294 --- [           main] o.apache.catalina.core.StandardService   : Starting service [Tomcat]
2025-12-11 15:25:50.460  INFO 75294 --- [           main] org.apache.catalina.core.StandardEngine  : Starting Servlet engine: [Apache Tomcat/9.0.83]
2025-12-11 15:25:50.682  INFO 75294 --- [           main] o.a.c.c.C.[Tomcat].[localhost].[/]       : Initializing Spring embedded WebApplicationContext
2025-12-11 15:25:50.682  INFO 75294 --- [           main] w.s.c.ServletWebServerApplicationContext : Root WebApplicationContext: initialization completed in 6710 ms
2025-12-11 15:25:50.781  INFO 75294 --- [           main] com.zaxxer.hikari.HikariDataSource       : HikariPool-1 - Starting...
2025-12-11 15:25:51.832  INFO 75294 --- [           main] com.zaxxer.hikari.HikariDataSource       : HikariPool-1 - Start completed.
2025-12-11 15:25:51.859  INFO 75294 --- [           main] o.s.b.a.h2.H2ConsoleAutoConfiguration    : H2 console available at '/h2-console'. Database available at 'jdbc:h2:mem:testdb'
2025-12-11 15:25:52.078  WARN 75294 --- [           main] JpaBaseConfiguration$JpaWebConfiguration : spring.jpa.open-in-view is enabled by default. Therefore, database queries may be performed during view rendering. Explicitly configure spring.jpa.open-in-view to disable this warning
2025-12-11 15:25:52.569  INFO 75294 --- [           main] o.hibernate.jpa.internal.util.LogHelper  : HHH000204: Processing PersistenceUnitInfo [name: default]
2025-12-11 15:25:52.812  INFO 75294 --- [           main] org.hibernate.Version                    : HHH000412: Hibernate ORM core version 5.6.15.Final
2025-12-11 15:25:53.404  INFO 75294 --- [           main] o.hibernate.annotations.common.Version   : HCANN000001: Hibernate Commons Annotations {5.1.2.Final}
2025-12-11 15:25:54.024  INFO 75294 --- [           main] org.hibernate.dialect.Dialect            : HHH000400: Using dialect: org.hibernate.dialect.H2Dialect
2025-12-11 15:25:54.994  INFO 75294 --- [           main] o.h.e.t.j.p.i.JtaPlatformInitiator       : HHH000490: Using JtaPlatform implementation: [org.hibernate.engine.transaction.jta.platform.internal.NoJtaPlatform]
2025-12-11 15:25:55.035  INFO 75294 --- [           main] j.LocalContainerEntityManagerFactoryBean : Initialized JPA EntityManagerFactory for persistence unit 'default'
2025-12-11 15:25:55.191 ERROR 75294 --- [           main] o.s.b.web.embedded.tomcat.TomcatStarter  : Error starting Tomcat context. Exception: org.springframework.beans.factory.UnsatisfiedDependencyException. Message: Error creating bean with name 'securityConfig': Unsatisfied dependency expressed through field 'keycloakConfigResolver'; nested exception is org.springframework.beans.factory.BeanCurrentlyInCreationException: Error creating bean with name 'securityConfig': Requested bean is currently in creation: Is there an unresolvable circular reference?
2025-12-11 15:25:55.277 ERROR 75294 --- [           main] k.a.t.AbstractKeycloakAuthenticatorValve : The specified resolver org.keycloak.adapters.springboot.KeycloakSpringBootConfigResolverWrapper could NOT be loaded. Keycloak is unconfigured and will deny all requests. Reason: Error creating bean with name 'securityConfig': Unsatisfied dependency expressed through field 'keycloakConfigResolver'; nested exception is org.springframework.beans.factory.BeanCurrentlyInCreationException: Error creating bean with name 'keycloakConfigResolver': Requested bean is currently in creation: Is there an unresolvable circular reference?
2025-12-11 15:25:55.315  INFO 75294 --- [           main] o.apache.catalina.core.StandardService   : Stopping service [Tomcat]
2025-12-11 15:25:55.327  WARN 75294 --- [           main] ConfigServletWebServerApplicationContext : Exception encountered during context initialization - cancelling refresh attempt: org.springframework.context.ApplicationContextException: Unable to start web server; nested exception is org.springframework.boot.web.server.WebServerException: Unable to start embedded Tomcat
2025-12-11 15:25:55.327  INFO 75294 --- [           main] j.LocalContainerEntityManagerFactoryBean : Closing JPA EntityManagerFactory for persistence unit 'default'
2025-12-11 15:25:55.328  INFO 75294 --- [           main] .SchemaDropperImpl$DelayedDropActionImpl : HHH000477: Starting delayed evictData of schema as part of SessionFactory shut-down'
2025-12-11 15:25:55.334  INFO 75294 --- [           main] com.zaxxer.hikari.HikariDataSource       : HikariPool-1 - Shutdown initiated...
2025-12-11 15:25:55.343  INFO 75294 --- [           main] com.zaxxer.hikari.HikariDataSource       : HikariPool-1 - Shutdown completed.
2025-12-11 15:25:55.384  INFO 75294 --- [           main] ConditionEvaluationReportLoggingListener : 

Error starting ApplicationContext. To display the conditions report re-run your application with 'debug' enabled.
2025-12-11 15:25:55.439 ERROR 75294 --- [           main] o.s.b.d.LoggingFailureAnalysisReporter   : 

***************************
APPLICATION FAILED TO START
***************************

Description:

The dependencies of some of the beans in the application context form a cycle:

┌──->──┐
|  securityConfig (field private org.keycloak.adapters.KeycloakConfigResolver org.keycloak.adapters.springsecurity.config.KeycloakWebSecurityConfigurerAdapter.keycloakConfigResolver)
└──<-──┘


Action:

Relying upon circular references is discouraged and they are prohibited by default. Update your application to remove the dependency cycle between beans. As a last resort, it may be possible to break the cycle automatically by setting spring.main.allow-circular-references to true.

